

Started GET "/" for 133.92.145.152 at 2014-03-05 20:40:20 +0900

PG::ConnectionBad (FATAL:  ユーザ "postgres" で対向(peer)認証に失敗しました
):
  vendor/bundler/ruby/2.0.0/gems/activerecord-4.0.2/lib/active_record/connection_adapters/postgresql_adapter.rb:831:in `initialize'
  vendor/bundler/ruby/2.0.0/gems/activerecord-4.0.2/lib/active_record/connection_adapters/postgresql_adapter.rb:831:in `new'
  vendor/bundler/ruby/2.0.0/gems/activerecord-4.0.2/lib/active_record/connection_adapters/postgresql_adapter.rb:831:in `connect'
  vendor/bundler/ruby/2.0.0/gems/activerecord-4.0.2/lib/active_record/connection_adapters/postgresql_adapter.rb:548:in `initialize'
  vendor/bundler/ruby/2.0.0/gems/activerecord-4.0.2/lib/active_record/connection_adapters/postgresql_adapter.rb:41:in `new'
  vendor/bundler/ruby/2.0.0/gems/activerecord-4.0.2/lib/active_record/connection_adapters/postgresql_adapter.rb:41:in `postgresql_connection'
  vendor/bundler/ruby/2.0.0/gems/activerecord-4.0.2/lib/active_record/connection_adapters/abstract/connection_pool.rb:440:in `new_connection'
  vendor/bundler/ruby/2.0.0/gems/activerecord-4.0.2/lib/active_record/connection_adapters/abstract/connection_pool.rb:450:in `checkout_new_connection'
  vendor/bundler/ruby/2.0.0/gems/activerecord-4.0.2/lib/active_record/connection_adapters/abstract/connection_pool.rb:421:in `acquire_connection'
  vendor/bundler/ruby/2.0.0/gems/activerecord-4.0.2/lib/active_record/connection_adapters/abstract/connection_pool.rb:356:in `block in checkout'
  /usr/local/lib/ruby/2.0.0/monitor.rb:211:in `mon_synchronize'
  vendor/bundler/ruby/2.0.0/gems/activerecord-4.0.2/lib/active_record/connection_adapters/abstract/connection_pool.rb:355:in `checkout'
  vendor/bundler/ruby/2.0.0/gems/activerecord-4.0.2/lib/active_record/connection_adapters/abstract/connection_pool.rb:265:in `block in connection'
  /usr/local/lib/ruby/2.0.0/monitor.rb:211:in `mon_synchronize'
  vendor/bundler/ruby/2.0.0/gems/activerecord-4.0.2/lib/active_record/connection_adapters/abstract/connection_pool.rb:264:in `connection'
  vendor/bundler/ruby/2.0.0/gems/activerecord-4.0.2/lib/active_record/connection_adapters/abstract/connection_pool.rb:546:in `retrieve_connection'
  vendor/bundler/ruby/2.0.0/gems/activerecord-4.0.2/lib/active_record/connection_handling.rb:79:in `retrieve_connection'
  vendor/bundler/ruby/2.0.0/gems/activerecord-4.0.2/lib/active_record/connection_handling.rb:53:in `connection'
  vendor/bundler/ruby/2.0.0/gems/activerecord-4.0.2/lib/active_record/query_cache.rb:51:in `restore_query_cache_settings'
  vendor/bundler/ruby/2.0.0/gems/activerecord-4.0.2/lib/active_record/query_cache.rb:43:in `rescue in call'
  vendor/bundler/ruby/2.0.0/gems/activerecord-4.0.2/lib/active_record/query_cache.rb:32:in `call'
  vendor/bundler/ruby/2.0.0/gems/activerecord-4.0.2/lib/active_record/connection_adapters/abstract/connection_pool.rb:626:in `call'
  vendor/bundler/ruby/2.0.0/gems/activerecord-4.0.2/lib/active_record/migration.rb:369:in `call'
  vendor/bundler/ruby/2.0.0/gems/actionpack-4.0.2/lib/action_dispatch/middleware/callbacks.rb:29:in `block in call'
  vendor/bundler/ruby/2.0.0/gems/activesupport-4.0.2/lib/active_support/callbacks.rb:373:in `_run__4051530094716420898__call__callbacks'
  vendor/bundler/ruby/2.0.0/gems/activesupport-4.0.2/lib/active_support/callbacks.rb:80:in `run_callbacks'
  vendor/bundler/ruby/2.0.0/gems/actionpack-4.0.2/lib/action_dispatch/middleware/callbacks.rb:27:in `call'
  vendor/bundler/ruby/2.0.0/gems/actionpack-4.0.2/lib/action_dispatch/middleware/reloader.rb:64:in `call'
  vendor/bundler/ruby/2.0.0/gems/actionpack-4.0.2/lib/action_dispatch/middleware/remote_ip.rb:76:in `call'
  vendor/bundler/ruby/2.0.0/gems/actionpack-4.0.2/lib/action_dispatch/middleware/debug_exceptions.rb:17:in `call'
  vendor/bundler/ruby/2.0.0/gems/actionpack-4.0.2/lib/action_dispatch/middleware/show_exceptions.rb:30:in `call'
  vendor/bundler/ruby/2.0.0/gems/railties-4.0.2/lib/rails/rack/logger.rb:38:in `call_app'
  vendor/bundler/ruby/2.0.0/gems/railties-4.0.2/lib/rails/rack/logger.rb:20:in `block in call'
  vendor/bundler/ruby/2.0.0/gems/activesupport-4.0.2/lib/active_support/tagged_logging.rb:67:in `block in tagged'
  vendor/bundler/ruby/2.0.0/gems/activesupport-4.0.2/lib/active_support/tagged_logging.rb:25:in `tagged'
  vendor/bundler/ruby/2.0.0/gems/activesupport-4.0.2/lib/active_support/tagged_logging.rb:67:in `tagged'
  vendor/bundler/ruby/2.0.0/gems/railties-4.0.2/lib/rails/rack/logger.rb:20:in `call'
  vendor/bundler/ruby/2.0.0/gems/actionpack-4.0.2/lib/action_dispatch/middleware/request_id.rb:21:in `call'
  vendor/bundler/ruby/2.0.0/gems/rack-1.5.2/lib/rack/methodoverride.rb:21:in `call'
  vendor/bundler/ruby/2.0.0/gems/rack-1.5.2/lib/rack/runtime.rb:17:in `call'
  vendor/bundler/ruby/2.0.0/gems/activesupport-4.0.2/lib/active_support/cache/strategy/local_cache.rb:83:in `call'
  vendor/bundler/ruby/2.0.0/gems/rack-1.5.2/lib/rack/lock.rb:17:in `call'
  vendor/bundler/ruby/2.0.0/gems/actionpack-4.0.2/lib/action_dispatch/middleware/static.rb:64:in `call'
  vendor/bundler/ruby/2.0.0/gems/rack-1.5.2/lib/rack/sendfile.rb:112:in `call'
  vendor/bundler/ruby/2.0.0/gems/railties-4.0.2/lib/rails/engine.rb:511:in `call'
  vendor/bundler/ruby/2.0.0/gems/railties-4.0.2/lib/rails/application.rb:97:in `call'
  vendor/bundler/ruby/2.0.0/gems/rack-1.5.2/lib/rack/lock.rb:17:in `call'
  vendor/bundler/ruby/2.0.0/gems/rack-1.5.2/lib/rack/content_length.rb:14:in `call'
  vendor/bundler/ruby/2.0.0/gems/rack-1.5.2/lib/rack/handler/webrick.rb:60:in `service'
  /usr/local/lib/ruby/2.0.0/webrick/httpserver.rb:138:in `service'
  /usr/local/lib/ruby/2.0.0/webrick/httpserver.rb:94:in `run'
  /usr/local/lib/ruby/2.0.0/webrick/server.rb:295:in `block in start_thread'


  Rendered vendor/bundler/ruby/2.0.0/gems/actionpack-4.0.2/lib/action_dispatch/middleware/templates/rescues/_source.erb (0.3ms)
  Rendered vendor/bundler/ruby/2.0.0/gems/actionpack-4.0.2/lib/action_dispatch/middleware/templates/rescues/_trace.erb (0.6ms)
  Rendered vendor/bundler/ruby/2.0.0/gems/actionpack-4.0.2/lib/action_dispatch/middleware/templates/rescues/_request_and_response.erb (0.5ms)
  Rendered vendor/bundler/ruby/2.0.0/gems/actionpack-4.0.2/lib/action_dispatch/middleware/templates/rescues/diagnostics.erb within rescues/layout (10.1ms)


Started GET "/" for 133.92.145.152 at 2014-03-05 20:40:20 +0900

PG::ConnectionBad (FATAL:  ユーザ "postgres" で対向(peer)認証に失敗しました
):
  vendor/bundler/ruby/2.0.0/gems/activerecord-4.0.2/lib/active_record/connection_adapters/postgresql_adapter.rb:831:in `initialize'
  vendor/bundler/ruby/2.0.0/gems/activerecord-4.0.2/lib/active_record/connection_adapters/postgresql_adapter.rb:831:in `new'
  vendor/bundler/ruby/2.0.0/gems/activerecord-4.0.2/lib/active_record/connection_adapters/postgresql_adapter.rb:831:in `connect'
  vendor/bundler/ruby/2.0.0/gems/activerecord-4.0.2/lib/active_record/connection_adapters/postgresql_adapter.rb:548:in `initialize'
  vendor/bundler/ruby/2.0.0/gems/activerecord-4.0.2/lib/active_record/connection_adapters/postgresql_adapter.rb:41:in `new'
  vendor/bundler/ruby/2.0.0/gems/activerecord-4.0.2/lib/active_record/connection_adapters/postgresql_adapter.rb:41:in `postgresql_connection'
  vendor/bundler/ruby/2.0.0/gems/activerecord-4.0.2/lib/active_record/connection_adapters/abstract/connection_pool.rb:440:in `new_connection'
  vendor/bundler/ruby/2.0.0/gems/activerecord-4.0.2/lib/active_record/connection_adapters/abstract/connection_pool.rb:450:in `checkout_new_connection'
  vendor/bundler/ruby/2.0.0/gems/activerecord-4.0.2/lib/active_record/connection_adapters/abstract/connection_pool.rb:421:in `acquire_connection'
  vendor/bundler/ruby/2.0.0/gems/activerecord-4.0.2/lib/active_record/connection_adapters/abstract/connection_pool.rb:356:in `block in checkout'
  /usr/local/lib/ruby/2.0.0/monitor.rb:211:in `mon_synchronize'
  vendor/bundler/ruby/2.0.0/gems/activerecord-4.0.2/lib/active_record/connection_adapters/abstract/connection_pool.rb:355:in `checkout'
  vendor/bundler/ruby/2.0.0/gems/activerecord-4.0.2/lib/active_record/connection_adapters/abstract/connection_pool.rb:265:in `block in connection'
  /usr/local/lib/ruby/2.0.0/monitor.rb:211:in `mon_synchronize'
  vendor/bundler/ruby/2.0.0/gems/activerecord-4.0.2/lib/active_record/connection_adapters/abstract/connection_pool.rb:264:in `connection'
  vendor/bundler/ruby/2.0.0/gems/activerecord-4.0.2/lib/active_record/connection_adapters/abstract/connection_pool.rb:546:in `retrieve_connection'
  vendor/bundler/ruby/2.0.0/gems/activerecord-4.0.2/lib/active_record/connection_handling.rb:79:in `retrieve_connection'
  vendor/bundler/ruby/2.0.0/gems/activerecord-4.0.2/lib/active_record/connection_handling.rb:53:in `connection'
  vendor/bundler/ruby/2.0.0/gems/activerecord-4.0.2/lib/active_record/query_cache.rb:51:in `restore_query_cache_settings'
  vendor/bundler/ruby/2.0.0/gems/activerecord-4.0.2/lib/active_record/query_cache.rb:43:in `rescue in call'
  vendor/bundler/ruby/2.0.0/gems/activerecord-4.0.2/lib/active_record/query_cache.rb:32:in `call'
  vendor/bundler/ruby/2.0.0/gems/activerecord-4.0.2/lib/active_record/connection_adapters/abstract/connection_pool.rb:626:in `call'
  vendor/bundler/ruby/2.0.0/gems/activerecord-4.0.2/lib/active_record/migration.rb:369:in `call'
  vendor/bundler/ruby/2.0.0/gems/actionpack-4.0.2/lib/action_dispatch/middleware/callbacks.rb:29:in `block in call'
  vendor/bundler/ruby/2.0.0/gems/activesupport-4.0.2/lib/active_support/callbacks.rb:373:in `_run__4051530094716420898__call__callbacks'
  vendor/bundler/ruby/2.0.0/gems/activesupport-4.0.2/lib/active_support/callbacks.rb:80:in `run_callbacks'
  vendor/bundler/ruby/2.0.0/gems/actionpack-4.0.2/lib/action_dispatch/middleware/callbacks.rb:27:in `call'
  vendor/bundler/ruby/2.0.0/gems/actionpack-4.0.2/lib/action_dispatch/middleware/reloader.rb:64:in `call'
  vendor/bundler/ruby/2.0.0/gems/actionpack-4.0.2/lib/action_dispatch/middleware/remote_ip.rb:76:in `call'
  vendor/bundler/ruby/2.0.0/gems/actionpack-4.0.2/lib/action_dispatch/middleware/debug_exceptions.rb:17:in `call'
  vendor/bundler/ruby/2.0.0/gems/actionpack-4.0.2/lib/action_dispatch/middleware/show_exceptions.rb:30:in `call'
  vendor/bundler/ruby/2.0.0/gems/railties-4.0.2/lib/rails/rack/logger.rb:38:in `call_app'
  vendor/bundler/ruby/2.0.0/gems/railties-4.0.2/lib/rails/rack/logger.rb:20:in `block in call'
  vendor/bundler/ruby/2.0.0/gems/activesupport-4.0.2/lib/active_support/tagged_logging.rb:67:in `block in tagged'
  vendor/bundler/ruby/2.0.0/gems/activesupport-4.0.2/lib/active_support/tagged_logging.rb:25:in `tagged'
  vendor/bundler/ruby/2.0.0/gems/activesupport-4.0.2/lib/active_support/tagged_logging.rb:67:in `tagged'
  vendor/bundler/ruby/2.0.0/gems/railties-4.0.2/lib/rails/rack/logger.rb:20:in `call'
  vendor/bundler/ruby/2.0.0/gems/actionpack-4.0.2/lib/action_dispatch/middleware/request_id.rb:21:in `call'
  vendor/bundler/ruby/2.0.0/gems/rack-1.5.2/lib/rack/methodoverride.rb:21:in `call'
  vendor/bundler/ruby/2.0.0/gems/rack-1.5.2/lib/rack/runtime.rb:17:in `call'
  vendor/bundler/ruby/2.0.0/gems/activesupport-4.0.2/lib/active_support/cache/strategy/local_cache.rb:83:in `call'
  vendor/bundler/ruby/2.0.0/gems/rack-1.5.2/lib/rack/lock.rb:17:in `call'
  vendor/bundler/ruby/2.0.0/gems/actionpack-4.0.2/lib/action_dispatch/middleware/static.rb:64:in `call'
  vendor/bundler/ruby/2.0.0/gems/rack-1.5.2/lib/rack/sendfile.rb:112:in `call'
  vendor/bundler/ruby/2.0.0/gems/railties-4.0.2/lib/rails/engine.rb:511:in `call'
  vendor/bundler/ruby/2.0.0/gems/railties-4.0.2/lib/rails/application.rb:97:in `call'
  vendor/bundler/ruby/2.0.0/gems/rack-1.5.2/lib/rack/lock.rb:17:in `call'
  vendor/bundler/ruby/2.0.0/gems/rack-1.5.2/lib/rack/content_length.rb:14:in `call'
  vendor/bundler/ruby/2.0.0/gems/rack-1.5.2/lib/rack/handler/webrick.rb:60:in `service'
  /usr/local/lib/ruby/2.0.0/webrick/httpserver.rb:138:in `service'
  /usr/local/lib/ruby/2.0.0/webrick/httpserver.rb:94:in `run'
  /usr/local/lib/ruby/2.0.0/webrick/server.rb:295:in `block in start_thread'


  Rendered vendor/bundler/ruby/2.0.0/gems/actionpack-4.0.2/lib/action_dispatch/middleware/templates/rescues/_source.erb (0.4ms)
  Rendered vendor/bundler/ruby/2.0.0/gems/actionpack-4.0.2/lib/action_dispatch/middleware/templates/rescues/_trace.erb (0.8ms)
  Rendered vendor/bundler/ruby/2.0.0/gems/actionpack-4.0.2/lib/action_dispatch/middleware/templates/rescues/_request_and_response.erb (0.6ms)
  Rendered vendor/bundler/ruby/2.0.0/gems/actionpack-4.0.2/lib/action_dispatch/middleware/templates/rescues/diagnostics.erb within rescues/layout (11.7ms)


Started GET "/" for 133.92.145.143 at 2014-03-05 20:42:02 +0900

PG::ConnectionBad (FATAL:  ユーザ "postgres" で対向(peer)認証に失敗しました
):
  vendor/bundler/ruby/2.0.0/gems/activerecord-4.0.2/lib/active_record/connection_adapters/postgresql_adapter.rb:831:in `initialize'
  vendor/bundler/ruby/2.0.0/gems/activerecord-4.0.2/lib/active_record/connection_adapters/postgresql_adapter.rb:831:in `new'
  vendor/bundler/ruby/2.0.0/gems/activerecord-4.0.2/lib/active_record/connection_adapters/postgresql_adapter.rb:831:in `connect'
  vendor/bundler/ruby/2.0.0/gems/activerecord-4.0.2/lib/active_record/connection_adapters/postgresql_adapter.rb:548:in `initialize'
  vendor/bundler/ruby/2.0.0/gems/activerecord-4.0.2/lib/active_record/connection_adapters/postgresql_adapter.rb:41:in `new'
  vendor/bundler/ruby/2.0.0/gems/activerecord-4.0.2/lib/active_record/connection_adapters/postgresql_adapter.rb:41:in `postgresql_connection'
  vendor/bundler/ruby/2.0.0/gems/activerecord-4.0.2/lib/active_record/connection_adapters/abstract/connection_pool.rb:440:in `new_connection'
  vendor/bundler/ruby/2.0.0/gems/activerecord-4.0.2/lib/active_record/connection_adapters/abstract/connection_pool.rb:450:in `checkout_new_connection'
  vendor/bundler/ruby/2.0.0/gems/activerecord-4.0.2/lib/active_record/connection_adapters/abstract/connection_pool.rb:421:in `acquire_connection'
  vendor/bundler/ruby/2.0.0/gems/activerecord-4.0.2/lib/active_record/connection_adapters/abstract/connection_pool.rb:356:in `block in checkout'
  /usr/local/lib/ruby/2.0.0/monitor.rb:211:in `mon_synchronize'
  vendor/bundler/ruby/2.0.0/gems/activerecord-4.0.2/lib/active_record/connection_adapters/abstract/connection_pool.rb:355:in `checkout'
  vendor/bundler/ruby/2.0.0/gems/activerecord-4.0.2/lib/active_record/connection_adapters/abstract/connection_pool.rb:265:in `block in connection'
  /usr/local/lib/ruby/2.0.0/monitor.rb:211:in `mon_synchronize'
  vendor/bundler/ruby/2.0.0/gems/activerecord-4.0.2/lib/active_record/connection_adapters/abstract/connection_pool.rb:264:in `connection'
  vendor/bundler/ruby/2.0.0/gems/activerecord-4.0.2/lib/active_record/connection_adapters/abstract/connection_pool.rb:546:in `retrieve_connection'
  vendor/bundler/ruby/2.0.0/gems/activerecord-4.0.2/lib/active_record/connection_handling.rb:79:in `retrieve_connection'
  vendor/bundler/ruby/2.0.0/gems/activerecord-4.0.2/lib/active_record/connection_handling.rb:53:in `connection'
  vendor/bundler/ruby/2.0.0/gems/activerecord-4.0.2/lib/active_record/query_cache.rb:51:in `restore_query_cache_settings'
  vendor/bundler/ruby/2.0.0/gems/activerecord-4.0.2/lib/active_record/query_cache.rb:43:in `rescue in call'
  vendor/bundler/ruby/2.0.0/gems/activerecord-4.0.2/lib/active_record/query_cache.rb:32:in `call'
  vendor/bundler/ruby/2.0.0/gems/activerecord-4.0.2/lib/active_record/connection_adapters/abstract/connection_pool.rb:626:in `call'
  vendor/bundler/ruby/2.0.0/gems/activerecord-4.0.2/lib/active_record/migration.rb:369:in `call'
  vendor/bundler/ruby/2.0.0/gems/actionpack-4.0.2/lib/action_dispatch/middleware/callbacks.rb:29:in `block in call'
  vendor/bundler/ruby/2.0.0/gems/activesupport-4.0.2/lib/active_support/callbacks.rb:373:in `_run__4086519126012099803__call__callbacks'
  vendor/bundler/ruby/2.0.0/gems/activesupport-4.0.2/lib/active_support/callbacks.rb:80:in `run_callbacks'
  vendor/bundler/ruby/2.0.0/gems/actionpack-4.0.2/lib/action_dispatch/middleware/callbacks.rb:27:in `call'
  vendor/bundler/ruby/2.0.0/gems/actionpack-4.0.2/lib/action_dispatch/middleware/reloader.rb:64:in `call'
  vendor/bundler/ruby/2.0.0/gems/actionpack-4.0.2/lib/action_dispatch/middleware/remote_ip.rb:76:in `call'
  vendor/bundler/ruby/2.0.0/gems/actionpack-4.0.2/lib/action_dispatch/middleware/debug_exceptions.rb:17:in `call'
  vendor/bundler/ruby/2.0.0/gems/actionpack-4.0.2/lib/action_dispatch/middleware/show_exceptions.rb:30:in `call'
  vendor/bundler/ruby/2.0.0/gems/railties-4.0.2/lib/rails/rack/logger.rb:38:in `call_app'
  vendor/bundler/ruby/2.0.0/gems/railties-4.0.2/lib/rails/rack/logger.rb:20:in `block in call'
  vendor/bundler/ruby/2.0.0/gems/activesupport-4.0.2/lib/active_support/tagged_logging.rb:67:in `block in tagged'
  vendor/bundler/ruby/2.0.0/gems/activesupport-4.0.2/lib/active_support/tagged_logging.rb:25:in `tagged'
  vendor/bundler/ruby/2.0.0/gems/activesupport-4.0.2/lib/active_support/tagged_logging.rb:67:in `tagged'
  vendor/bundler/ruby/2.0.0/gems/railties-4.0.2/lib/rails/rack/logger.rb:20:in `call'
  vendor/bundler/ruby/2.0.0/gems/actionpack-4.0.2/lib/action_dispatch/middleware/request_id.rb:21:in `call'
  vendor/bundler/ruby/2.0.0/gems/rack-1.5.2/lib/rack/methodoverride.rb:21:in `call'
  vendor/bundler/ruby/2.0.0/gems/rack-1.5.2/lib/rack/runtime.rb:17:in `call'
  vendor/bundler/ruby/2.0.0/gems/activesupport-4.0.2/lib/active_support/cache/strategy/local_cache.rb:83:in `call'
  vendor/bundler/ruby/2.0.0/gems/rack-1.5.2/lib/rack/lock.rb:17:in `call'
  vendor/bundler/ruby/2.0.0/gems/actionpack-4.0.2/lib/action_dispatch/middleware/static.rb:64:in `call'
  vendor/bundler/ruby/2.0.0/gems/rack-1.5.2/lib/rack/sendfile.rb:112:in `call'
  vendor/bundler/ruby/2.0.0/gems/railties-4.0.2/lib/rails/engine.rb:511:in `call'
  vendor/bundler/ruby/2.0.0/gems/railties-4.0.2/lib/rails/application.rb:97:in `call'
  vendor/bundler/ruby/2.0.0/gems/rack-1.5.2/lib/rack/lock.rb:17:in `call'
  vendor/bundler/ruby/2.0.0/gems/rack-1.5.2/lib/rack/content_length.rb:14:in `call'
  vendor/bundler/ruby/2.0.0/gems/rack-1.5.2/lib/rack/handler/webrick.rb:60:in `service'
  /usr/local/lib/ruby/2.0.0/webrick/httpserver.rb:138:in `service'
  /usr/local/lib/ruby/2.0.0/webrick/httpserver.rb:94:in `run'
  /usr/local/lib/ruby/2.0.0/webrick/server.rb:295:in `block in start_thread'


  Rendered vendor/bundler/ruby/2.0.0/gems/actionpack-4.0.2/lib/action_dispatch/middleware/templates/rescues/_source.erb (0.3ms)
  Rendered vendor/bundler/ruby/2.0.0/gems/actionpack-4.0.2/lib/action_dispatch/middleware/templates/rescues/_trace.erb (0.6ms)
  Rendered vendor/bundler/ruby/2.0.0/gems/actionpack-4.0.2/lib/action_dispatch/middleware/templates/rescues/_request_and_response.erb (0.5ms)
  Rendered vendor/bundler/ruby/2.0.0/gems/actionpack-4.0.2/lib/action_dispatch/middleware/templates/rescues/diagnostics.erb within rescues/layout (10.3ms)


Started GET "/" for 133.92.145.143 at 2014-03-05 20:45:43 +0900

PG::ConnectionBad (FATAL:  データベース"blog_system_development_joniy"は存在しません
):
  vendor/bundler/ruby/2.0.0/gems/activerecord-4.0.2/lib/active_record/connection_adapters/postgresql_adapter.rb:831:in `initialize'
  vendor/bundler/ruby/2.0.0/gems/activerecord-4.0.2/lib/active_record/connection_adapters/postgresql_adapter.rb:831:in `new'
  vendor/bundler/ruby/2.0.0/gems/activerecord-4.0.2/lib/active_record/connection_adapters/postgresql_adapter.rb:831:in `connect'
  vendor/bundler/ruby/2.0.0/gems/activerecord-4.0.2/lib/active_record/connection_adapters/postgresql_adapter.rb:548:in `initialize'
  vendor/bundler/ruby/2.0.0/gems/activerecord-4.0.2/lib/active_record/connection_adapters/postgresql_adapter.rb:41:in `new'
  vendor/bundler/ruby/2.0.0/gems/activerecord-4.0.2/lib/active_record/connection_adapters/postgresql_adapter.rb:41:in `postgresql_connection'
  vendor/bundler/ruby/2.0.0/gems/activerecord-4.0.2/lib/active_record/connection_adapters/abstract/connection_pool.rb:440:in `new_connection'
  vendor/bundler/ruby/2.0.0/gems/activerecord-4.0.2/lib/active_record/connection_adapters/abstract/connection_pool.rb:450:in `checkout_new_connection'
  vendor/bundler/ruby/2.0.0/gems/activerecord-4.0.2/lib/active_record/connection_adapters/abstract/connection_pool.rb:421:in `acquire_connection'
  vendor/bundler/ruby/2.0.0/gems/activerecord-4.0.2/lib/active_record/connection_adapters/abstract/connection_pool.rb:356:in `block in checkout'
  /usr/local/lib/ruby/2.0.0/monitor.rb:211:in `mon_synchronize'
  vendor/bundler/ruby/2.0.0/gems/activerecord-4.0.2/lib/active_record/connection_adapters/abstract/connection_pool.rb:355:in `checkout'
  vendor/bundler/ruby/2.0.0/gems/activerecord-4.0.2/lib/active_record/connection_adapters/abstract/connection_pool.rb:265:in `block in connection'
  /usr/local/lib/ruby/2.0.0/monitor.rb:211:in `mon_synchronize'
  vendor/bundler/ruby/2.0.0/gems/activerecord-4.0.2/lib/active_record/connection_adapters/abstract/connection_pool.rb:264:in `connection'
  vendor/bundler/ruby/2.0.0/gems/activerecord-4.0.2/lib/active_record/connection_adapters/abstract/connection_pool.rb:546:in `retrieve_connection'
  vendor/bundler/ruby/2.0.0/gems/activerecord-4.0.2/lib/active_record/connection_handling.rb:79:in `retrieve_connection'
  vendor/bundler/ruby/2.0.0/gems/activerecord-4.0.2/lib/active_record/connection_handling.rb:53:in `connection'
  vendor/bundler/ruby/2.0.0/gems/activerecord-4.0.2/lib/active_record/query_cache.rb:51:in `restore_query_cache_settings'
  vendor/bundler/ruby/2.0.0/gems/activerecord-4.0.2/lib/active_record/query_cache.rb:43:in `rescue in call'
  vendor/bundler/ruby/2.0.0/gems/activerecord-4.0.2/lib/active_record/query_cache.rb:32:in `call'
  vendor/bundler/ruby/2.0.0/gems/activerecord-4.0.2/lib/active_record/connection_adapters/abstract/connection_pool.rb:626:in `call'
  vendor/bundler/ruby/2.0.0/gems/activerecord-4.0.2/lib/active_record/migration.rb:369:in `call'
  vendor/bundler/ruby/2.0.0/gems/actionpack-4.0.2/lib/action_dispatch/middleware/callbacks.rb:29:in `block in call'
  vendor/bundler/ruby/2.0.0/gems/activesupport-4.0.2/lib/active_support/callbacks.rb:373:in `_run__3666039198927001301__call__callbacks'
  vendor/bundler/ruby/2.0.0/gems/activesupport-4.0.2/lib/active_support/callbacks.rb:80:in `run_callbacks'
  vendor/bundler/ruby/2.0.0/gems/actionpack-4.0.2/lib/action_dispatch/middleware/callbacks.rb:27:in `call'
  vendor/bundler/ruby/2.0.0/gems/actionpack-4.0.2/lib/action_dispatch/middleware/reloader.rb:64:in `call'
  vendor/bundler/ruby/2.0.0/gems/actionpack-4.0.2/lib/action_dispatch/middleware/remote_ip.rb:76:in `call'
  vendor/bundler/ruby/2.0.0/gems/actionpack-4.0.2/lib/action_dispatch/middleware/debug_exceptions.rb:17:in `call'
  vendor/bundler/ruby/2.0.0/gems/actionpack-4.0.2/lib/action_dispatch/middleware/show_exceptions.rb:30:in `call'
  vendor/bundler/ruby/2.0.0/gems/railties-4.0.2/lib/rails/rack/logger.rb:38:in `call_app'
  vendor/bundler/ruby/2.0.0/gems/railties-4.0.2/lib/rails/rack/logger.rb:20:in `block in call'
  vendor/bundler/ruby/2.0.0/gems/activesupport-4.0.2/lib/active_support/tagged_logging.rb:67:in `block in tagged'
  vendor/bundler/ruby/2.0.0/gems/activesupport-4.0.2/lib/active_support/tagged_logging.rb:25:in `tagged'
  vendor/bundler/ruby/2.0.0/gems/activesupport-4.0.2/lib/active_support/tagged_logging.rb:67:in `tagged'
  vendor/bundler/ruby/2.0.0/gems/railties-4.0.2/lib/rails/rack/logger.rb:20:in `call'
  vendor/bundler/ruby/2.0.0/gems/actionpack-4.0.2/lib/action_dispatch/middleware/request_id.rb:21:in `call'
  vendor/bundler/ruby/2.0.0/gems/rack-1.5.2/lib/rack/methodoverride.rb:21:in `call'
  vendor/bundler/ruby/2.0.0/gems/rack-1.5.2/lib/rack/runtime.rb:17:in `call'
  vendor/bundler/ruby/2.0.0/gems/activesupport-4.0.2/lib/active_support/cache/strategy/local_cache.rb:83:in `call'
  vendor/bundler/ruby/2.0.0/gems/rack-1.5.2/lib/rack/lock.rb:17:in `call'
  vendor/bundler/ruby/2.0.0/gems/actionpack-4.0.2/lib/action_dispatch/middleware/static.rb:64:in `call'
  vendor/bundler/ruby/2.0.0/gems/rack-1.5.2/lib/rack/sendfile.rb:112:in `call'
  vendor/bundler/ruby/2.0.0/gems/railties-4.0.2/lib/rails/engine.rb:511:in `call'
  vendor/bundler/ruby/2.0.0/gems/railties-4.0.2/lib/rails/application.rb:97:in `call'
  vendor/bundler/ruby/2.0.0/gems/rack-1.5.2/lib/rack/lock.rb:17:in `call'
  vendor/bundler/ruby/2.0.0/gems/rack-1.5.2/lib/rack/content_length.rb:14:in `call'
  vendor/bundler/ruby/2.0.0/gems/rack-1.5.2/lib/rack/handler/webrick.rb:60:in `service'
  /usr/local/lib/ruby/2.0.0/webrick/httpserver.rb:138:in `service'
  /usr/local/lib/ruby/2.0.0/webrick/httpserver.rb:94:in `run'
  /usr/local/lib/ruby/2.0.0/webrick/server.rb:295:in `block in start_thread'


  Rendered vendor/bundler/ruby/2.0.0/gems/actionpack-4.0.2/lib/action_dispatch/middleware/templates/rescues/_source.erb (0.3ms)
  Rendered vendor/bundler/ruby/2.0.0/gems/actionpack-4.0.2/lib/action_dispatch/middleware/templates/rescues/_trace.erb (0.6ms)
  Rendered vendor/bundler/ruby/2.0.0/gems/actionpack-4.0.2/lib/action_dispatch/middleware/templates/rescues/_request_and_response.erb (0.5ms)
  Rendered vendor/bundler/ruby/2.0.0/gems/actionpack-4.0.2/lib/action_dispatch/middleware/templates/rescues/diagnostics.erb within rescues/layout (9.4ms)


Started GET "/" for 133.92.145.143 at 2014-03-05 20:57:38 +0900
Processing by Rails::WelcomeController#index as HTML
  Rendered vendor/bundler/ruby/2.0.0/gems/railties-4.0.2/lib/rails/templates/rails/welcome/index.html.erb (0.9ms)
Completed 200 OK in 15ms (Views: 4.2ms | ActiveRecord: 0.0ms)
